\BOOKMARK [0][-]{section*.1}{\315ndice general}{}% 1
\BOOKMARK [0][-]{section*.2}{\315ndice de figuras}{}% 2
\BOOKMARK [0][-]{section*.3}{\315ndice de tablas}{}% 3
\BOOKMARK [0][-]{chapter.1}{Introducci\363n}{}% 4
\BOOKMARK [1][-]{section.1.1}{Estructura del documento}{chapter.1}% 5
\BOOKMARK [0][-]{chapter.2}{Descripci\363n del problema}{}% 6
\BOOKMARK [0][-]{chapter.3}{Estado del Arte}{}% 7
\BOOKMARK [0][-]{chapter.4}{Soluci\363n propuesta}{}% 8
\BOOKMARK [1][-]{section.4.1}{Reducci\363n de dimensionalidad - PCA}{chapter.4}% 9
\BOOKMARK [2][-]{subsection.4.1.1}{Singular Value Decomposition}{section.4.1}% 10
\BOOKMARK [2][-]{subsection.4.1.2}{El m\351todo NIPALS}{section.4.1}% 11
\BOOKMARK [1][-]{section.4.2}{Series temporales - ARIMA}{chapter.4}% 12
\BOOKMARK [2][-]{subsection.4.2.1}{Estacionaridad}{section.4.2}% 13
\BOOKMARK [2][-]{subsection.4.2.2}{Par\341metros del modelo y predicci\363n}{section.4.2}% 14
\BOOKMARK [0][-]{chapter.5}{Experimentaci\363n y resultados}{}% 15
\BOOKMARK [1][-]{section.5.1}{Simulaci\363n con datos controlados}{chapter.5}% 16
\BOOKMARK [1][-]{section.5.2}{Dataset}{chapter.5}% 17
\BOOKMARK [2][-]{subsection.5.2.1}{Estructura}{section.5.2}% 18
\BOOKMARK [2][-]{subsection.5.2.2}{Transformaci\363n}{section.5.2}% 19
\BOOKMARK [2][-]{subsection.5.2.3}{Distribuci\363n de los datos}{section.5.2}% 20
\BOOKMARK [1][-]{section.5.3}{PCA}{chapter.5}% 21
\BOOKMARK [2][-]{subsection.5.3.1}{PCA iterativo - NIPALS}{section.5.3}% 22
\BOOKMARK [2][-]{subsection.5.3.2}{Test de hip\363tesis - Estad\355stico T-cuadrado de Hotelling}{section.5.3}% 23
\BOOKMARK [2][-]{subsection.5.3.3}{Simulaci\363n con distribuci\363n Gaussiana}{section.5.3}% 24
\BOOKMARK [1][-]{section.5.4}{ARIMA}{chapter.5}% 25
\BOOKMARK [2][-]{subsection.5.4.1}{Preparaci\363n de la serie temporal}{section.5.4}% 26
\BOOKMARK [2][-]{subsection.5.4.2}{Estacionaridad de la serie temporal}{section.5.4}% 27
\BOOKMARK [2][-]{subsection.5.4.3}{Predicci\363n ARIMA con PCA de todo el dataset}{section.5.4}% 28
\BOOKMARK [2][-]{subsection.5.4.4}{Predicci\363n ARIMA con PCA de un d\355a}{section.5.4}% 29
\BOOKMARK [2][-]{subsection.5.4.5}{Simulaci\363n con b\372squeda de puntos cercanos de la Gaussiana}{section.5.4}% 30
\BOOKMARK [1][-]{section.5.5}{Big Data}{chapter.5}% 31
\BOOKMARK [2][-]{subsection.5.5.1}{MongoDB}{section.5.5}% 32
\BOOKMARK [2][-]{subsection.5.5.2}{Spark}{section.5.5}% 33
\BOOKMARK [0][-]{chapter.6}{Conclusiones}{}% 34
\BOOKMARK [0][-]{chapter.7}{Trabajos futuros}{}% 35
\BOOKMARK [0][-]{chapter*.42}{Bibliograf\355a}{}% 36
